0 info it worked if it ends with ok
1 verbose cli [ 'C:\\Program Files\\nodejs\\\\node.exe',
1 verbose cli   'C:\\Program Files\\nodejs\\node_modules\\npm\\bin\\npm-cli.js',
1 verbose cli   'install',
1 verbose cli   '--save-dev',
1 verbose cli   'grunt-browserify',
1 verbose cli   'grunt-uglify' ]
2 info using npm@1.4.28
3 info using node@v0.10.33
4 verbose node symlink C:\Program Files\nodejs\\node.exe
5 warn package.json phaser_phiddling@1.0.0 No description
6 warn package.json phaser_phiddling@1.0.0 No repository field.
7 warn package.json phaser_phiddling@1.0.0 No README data
8 verbose readDependencies using package.json deps
9 verbose cache add [ 'grunt-browserify', null ]
10 verbose cache add name=undefined spec="grunt-browserify" args=["grunt-browserify",null]
11 verbose parsed url { protocol: null,
11 verbose parsed url   slashes: null,
11 verbose parsed url   auth: null,
11 verbose parsed url   host: null,
11 verbose parsed url   port: null,
11 verbose parsed url   hostname: null,
11 verbose parsed url   hash: null,
11 verbose parsed url   search: null,
11 verbose parsed url   query: null,
11 verbose parsed url   pathname: 'grunt-browserify',
11 verbose parsed url   path: 'grunt-browserify',
11 verbose parsed url   href: 'grunt-browserify' }
12 verbose cache add [ 'grunt-uglify', null ]
13 verbose cache add name=undefined spec="grunt-uglify" args=["grunt-uglify",null]
14 verbose parsed url { protocol: null,
14 verbose parsed url   slashes: null,
14 verbose parsed url   auth: null,
14 verbose parsed url   host: null,
14 verbose parsed url   port: null,
14 verbose parsed url   hostname: null,
14 verbose parsed url   hash: null,
14 verbose parsed url   search: null,
14 verbose parsed url   query: null,
14 verbose parsed url   pathname: 'grunt-uglify',
14 verbose parsed url   path: 'grunt-uglify',
14 verbose parsed url   href: 'grunt-uglify' }
15 silly lockFile 65860db9-grunt-browserify grunt-browserify
16 verbose lock grunt-browserify C:\Users\David\AppData\Roaming\npm-cache\65860db9-grunt-browserify.lock
17 silly lockFile 2e33d944-grunt-uglify grunt-uglify
18 verbose lock grunt-uglify C:\Users\David\AppData\Roaming\npm-cache\2e33d944-grunt-uglify.lock
19 silly lockFile 65860db9-grunt-browserify grunt-browserify
20 silly lockFile 65860db9-grunt-browserify grunt-browserify
21 silly lockFile 2e33d944-grunt-uglify grunt-uglify
22 silly lockFile 2e33d944-grunt-uglify grunt-uglify
23 verbose addNamed [ 'grunt-browserify', '' ]
24 verbose addNamed [ null, '*' ]
25 silly lockFile 26337b1f-grunt-browserify grunt-browserify@
26 verbose lock grunt-browserify@ C:\Users\David\AppData\Roaming\npm-cache\26337b1f-grunt-browserify.lock
27 verbose addNamed [ 'grunt-uglify', '' ]
28 verbose addNamed [ null, '*' ]
29 silly lockFile 1cbe4847-grunt-uglify grunt-uglify@
30 verbose lock grunt-uglify@ C:\Users\David\AppData\Roaming\npm-cache\1cbe4847-grunt-uglify.lock
31 silly addNameRange { name: 'grunt-browserify', range: '*', hasData: false }
32 silly addNameRange { name: 'grunt-uglify', range: '*', hasData: false }
33 verbose request where is /grunt-browserify
34 verbose request registry https://registry.npmjs.org/
35 verbose request id 1357bd14b8f3edb6
36 verbose url raw /grunt-browserify
37 verbose url resolving [ 'https://registry.npmjs.org/', './grunt-browserify' ]
38 verbose url resolved https://registry.npmjs.org/grunt-browserify
39 verbose request where is https://registry.npmjs.org/grunt-browserify
40 info trying registry request attempt 1 at 14:50:56
41 http GET https://registry.npmjs.org/grunt-browserify
42 verbose request where is /grunt-uglify
43 verbose request registry https://registry.npmjs.org/
44 verbose url raw /grunt-uglify
45 verbose url resolving [ 'https://registry.npmjs.org/', './grunt-uglify' ]
46 verbose url resolved https://registry.npmjs.org/grunt-uglify
47 verbose request where is https://registry.npmjs.org/grunt-uglify
48 info trying registry request attempt 1 at 14:50:56
49 http GET https://registry.npmjs.org/grunt-uglify
50 http 404 https://registry.npmjs.org/grunt-uglify
51 verbose headers { date: 'Sun, 23 Nov 2014 20:50:54 GMT',
51 verbose headers   server: 'CouchDB/1.5.0 (Erlang OTP/R14B04)',
51 verbose headers   'content-type': 'application/json',
51 verbose headers   'cache-control': 'max-age=0',
51 verbose headers   'content-length': '52',
51 verbose headers   'accept-ranges': 'bytes',
51 verbose headers   via: '1.1 varnish',
51 verbose headers   age: '0',
51 verbose headers   'x-served-by': 'cache-iad2134-IAD',
51 verbose headers   'x-cache': 'MISS',
51 verbose headers   'x-cache-hits': '0',
51 verbose headers   'x-timer': 'S1416775854.297939,VS0,VE17',
51 verbose headers   'keep-alive': 'timeout=10, max=50',
51 verbose headers   connection: 'Keep-Alive' }
52 silly registry.get cb [ 404,
52 silly registry.get   { date: 'Sun, 23 Nov 2014 20:50:54 GMT',
52 silly registry.get     server: 'CouchDB/1.5.0 (Erlang OTP/R14B04)',
52 silly registry.get     'content-type': 'application/json',
52 silly registry.get     'cache-control': 'max-age=0',
52 silly registry.get     'content-length': '52',
52 silly registry.get     'accept-ranges': 'bytes',
52 silly registry.get     via: '1.1 varnish',
52 silly registry.get     age: '0',
52 silly registry.get     'x-served-by': 'cache-iad2134-IAD',
52 silly registry.get     'x-cache': 'MISS',
52 silly registry.get     'x-cache-hits': '0',
52 silly registry.get     'x-timer': 'S1416775854.297939,VS0,VE17',
52 silly registry.get     'keep-alive': 'timeout=10, max=50',
52 silly registry.get     connection: 'Keep-Alive' } ]
53 silly lockFile 1cbe4847-grunt-uglify grunt-uglify@
54 silly lockFile 1cbe4847-grunt-uglify grunt-uglify@
55 http 200 https://registry.npmjs.org/grunt-browserify
56 silly registry.get cb [ 200,
56 silly registry.get   { date: 'Sun, 23 Nov 2014 20:50:54 GMT',
56 silly registry.get     server: 'CouchDB/1.5.0 (Erlang OTP/R16B03)',
56 silly registry.get     etag: '"B7RBR0UCH8A0SCAPEQEOHTLO0"',
56 silly registry.get     'content-type': 'application/json',
56 silly registry.get     'cache-control': 'max-age=60',
56 silly registry.get     'content-length': '77918',
56 silly registry.get     'accept-ranges': 'bytes',
56 silly registry.get     via: '1.1 varnish',
56 silly registry.get     age: '0',
56 silly registry.get     'x-served-by': 'cache-iad2144-IAD',
56 silly registry.get     'x-cache': 'HIT',
56 silly registry.get     'x-cache-hits': '1',
56 silly registry.get     'x-timer': 'S1416775854.275301,VS0,VE353',
56 silly registry.get     vary: 'Accept',
56 silly registry.get     'keep-alive': 'timeout=10, max=50',
56 silly registry.get     connection: 'Keep-Alive' } ]
57 silly addNameRange number 2 { name: 'grunt-browserify', range: '*', hasData: true }
58 silly addNameRange versions [ 'grunt-browserify',
58 silly addNameRange   [ '0.1.0',
58 silly addNameRange     '0.1.1',
58 silly addNameRange     '0.1.2',
58 silly addNameRange     '0.1.3',
58 silly addNameRange     '0.2.0',
58 silly addNameRange     '0.2.1',
58 silly addNameRange     '0.2.2',
58 silly addNameRange     '0.2.3',
58 silly addNameRange     '0.2.4',
58 silly addNameRange     '0.2.5',
58 silly addNameRange     '1.0.0',
58 silly addNameRange     '1.0.1',
58 silly addNameRange     '1.0.2',
58 silly addNameRange     '1.0.3',
58 silly addNameRange     '1.0.4',
58 silly addNameRange     '1.0.5',
58 silly addNameRange     '1.1.1',
58 silly addNameRange     '1.2.0',
58 silly addNameRange     '1.2.1',
58 silly addNameRange     '1.2.2',
58 silly addNameRange     '1.2.3',
58 silly addNameRange     '1.2.4',
58 silly addNameRange     '1.2.5',
58 silly addNameRange     '1.2.6',
58 silly addNameRange     '1.2.7',
58 silly addNameRange     '1.2.8',
58 silly addNameRange     '1.2.9',
58 silly addNameRange     '1.2.10',
58 silly addNameRange     '1.2.11',
58 silly addNameRange     '1.2.12',
58 silly addNameRange     '1.3.0',
58 silly addNameRange     '1.3.1',
58 silly addNameRange     '1.3.2',
58 silly addNameRange     '2.0.1',
58 silly addNameRange     '2.0.3',
58 silly addNameRange     '2.0.5',
58 silly addNameRange     '2.0.6',
58 silly addNameRange     '2.0.7',
58 silly addNameRange     '2.0.8',
58 silly addNameRange     '2.1.0',
58 silly addNameRange     '2.1.1',
58 silly addNameRange     '2.1.2',
58 silly addNameRange     '2.1.3',
58 silly addNameRange     '2.1.4',
58 silly addNameRange     '3.0.0',
58 silly addNameRange     '3.0.1',
58 silly addNameRange     '3.1.0',
58 silly addNameRange     '3.2.0',
58 silly addNameRange     '3.2.1' ] ]
59 verbose addNamed [ 'grunt-browserify', '3.2.1' ]
60 verbose addNamed [ '3.2.1', '3.2.1' ]
61 silly lockFile 94306800-grunt-browserify-3-2-1 grunt-browserify@3.2.1
62 verbose lock grunt-browserify@3.2.1 C:\Users\David\AppData\Roaming\npm-cache\94306800-grunt-browserify-3-2-1.lock
63 silly lockFile bb5885fe-erify-grunt-browserify-3-2-1-tgz https://registry.npmjs.org/grunt-browserify/-/grunt-browserify-3.2.1.tgz
64 verbose lock https://registry.npmjs.org/grunt-browserify/-/grunt-browserify-3.2.1.tgz C:\Users\David\AppData\Roaming\npm-cache\bb5885fe-erify-grunt-browserify-3-2-1-tgz.lock
65 verbose addRemoteTarball [ 'https://registry.npmjs.org/grunt-browserify/-/grunt-browserify-3.2.1.tgz',
65 verbose addRemoteTarball   '2deea22961462b30e89c58d3498afde8b51499a5' ]
66 info retry fetch attempt 1 at 14:50:57
67 verbose fetch to= C:\Users\David\AppData\Local\Temp\npm-1116-aN0bOjb0\registry.npmjs.org\grunt-browserify\-\grunt-browserify-3.2.1.tgz
68 http GET https://registry.npmjs.org/grunt-browserify/-/grunt-browserify-3.2.1.tgz
69 http 200 https://registry.npmjs.org/grunt-browserify/-/grunt-browserify-3.2.1.tgz
70 silly lockFile bb5885fe-erify-grunt-browserify-3-2-1-tgz https://registry.npmjs.org/grunt-browserify/-/grunt-browserify-3.2.1.tgz
71 silly lockFile bb5885fe-erify-grunt-browserify-3-2-1-tgz https://registry.npmjs.org/grunt-browserify/-/grunt-browserify-3.2.1.tgz
72 silly lockFile 94306800-grunt-browserify-3-2-1 grunt-browserify@3.2.1
73 silly lockFile 94306800-grunt-browserify-3-2-1 grunt-browserify@3.2.1
74 silly lockFile 26337b1f-grunt-browserify grunt-browserify@
75 silly lockFile 26337b1f-grunt-browserify grunt-browserify@
76 error 404 404 Not Found: grunt-uglify
76 error 404
76 error 404 'grunt-uglify' is not in the npm registry.
76 error 404 You should bug the author to publish it
76 error 404 It was specified as a dependency of 'phaser_phiddling'
76 error 404
76 error 404 Note that you can also install from a
76 error 404 tarball, folder, or http url, or git url.
77 error System Windows_NT 6.2.9200
78 error command "C:\\Program Files\\nodejs\\\\node.exe" "C:\\Program Files\\nodejs\\node_modules\\npm\\bin\\npm-cli.js" "install" "--save-dev" "grunt-browserify" "grunt-uglify"
79 error cwd D:\projects\webstorm_projects\phaser_phiddling
80 error node -v v0.10.33
81 error npm -v 1.4.28
82 error code E404
83 verbose exit [ 1, true ]
